<?xml version="1.0" encoding="UTF-8"?>
<testng-results ignored="0" total="2" passed="2" failed="0" skipped="0">
  <reporter-output>
  </reporter-output>
  <suite started-at="2021-06-24T23:17:23 EDT" name="Default suite" finished-at="2021-06-24T23:17:36 EDT" duration-ms="13517">
    <groups>
    </groups>
    <test started-at="2021-06-24T23:17:23 EDT" name="Default test" finished-at="2021-06-24T23:17:36 EDT" duration-ms="13517">
      <class name="automation.Harpinder">
        <test-method is-config="true" signature="setUpClass()[pri:0, instance:automation.Harpinder@6a370f4]" started-at="2021-06-24T23:17:23 EDT" name="setUpClass" finished-at="2021-06-24T23:17:23 EDT" duration-ms="19" status="PASS">
          <reporter-output>
          </reporter-output>
        </test-method> <!-- setUpClass -->
        <test-method signature="buttons()[pri:0, instance:automation.Harpinder@6a370f4]" started-at="2021-06-24T23:17:23 EDT" name="buttons" finished-at="2021-06-24T23:17:31 EDT" duration-ms="7695" status="PASS">
          <reporter-output>
          </reporter-output>
        </test-method> <!-- buttons -->
        <test-method signature="imagess()[pri:0, instance:automation.Harpinder@6a370f4]" started-at="2021-06-24T23:17:31 EDT" name="imagess" finished-at="2021-06-24T23:17:36 EDT" duration-ms="5667" status="PASS">
          <reporter-output>
          </reporter-output>
        </test-method> <!-- imagess -->
      </class> <!-- automation.Harpinder -->
    </test> <!-- Default test -->
  </suite> <!-- Default suite -->
</testng-results>
